[LOG] System::create                           : Header version = 1.10.06. Current version = 1.10.06.
[LOG] SystemI::setOutputInternal               : Setting output to 'FMOD WASAPI Output'
[LOG] Manager::init                            : maxchannels = 1024 studioflags = 00000009 flags 00000000 extradriverdata 0000000000000000.
[LOG] SystemI::init                            : Initialize version=11006 (95384), maxchannels=1024, flags=0x00030000
[LOG] OutputWASAPI::init                       : Mix Format (WAVEFORMATEX): wFormatTag=0xFFFE, nChannels=2, nSamplesPerSec=44100, nAvgBytesPerSec=352800, nBlockAlign=8, wBitsPerSample=32, cbSize=22.
[LOG] OutputWASAPI::init                       : Mix Format (WAVEFORMATEXTENSIBLE): wValidBitsPerSample=32, dwChannelMask=0x00000003, SubFormat=00000003-0000-0010-8000-00AA00389B71.
[LOG] OutputWASAPI::init                       : Output buffer size: 3760 samples, latency: 0.00ms, period: 10.00ms, DSP buffer: 1024 * 4
[WRN] SystemI::init                            : Output requires a sample rate of 44100Hz, resampling will occur.
[LOG] Thread::initThread                       : Init FMOD stream thread. Priority: 2, Stack Size: 65536, Semaphore: No, Sleep Time: 10, Looping: Yes.
[LOG] SystemI::DSPCodecPoolRegister            : register codec pool for pool type 5
[LOG] Thread::initThread                       : Init FMOD mixer thread. Priority: 3, Stack Size: 49152, Semaphore: No, Sleep Time: 0, Looping: Yes.
[LOG] AsyncManager::init                       : manager 00000000509B91D8 isAsync 1 updatePeriod 0.02
[LOG] Thread::initThread                       : Init FMOD Studio update thread. Priority: 0, Stack Size: 65536, Semaphore: No, Sleep Time: 1, Looping: No.
[LOG] AsyncManager::init                       : done
[LOG] PlaybackSystem::init                     : 
[LOG] Thread::initThread                       : Init FMOD Studio sample load thread. Priority: 0, Stack Size: 65536, Semaphore: No, Sleep Time: 1, Looping: No.
[LOG] PlaybackSystem::init                     : done
[LOG] LiveUpdate::init                         : 
[LOG] Thread::initThread                       : Init FMOD Studio bank load thread. Priority: 0, Stack Size: 65536, Semaphore: No, Sleep Time: 1, Looping: No.
[LOG] Manager::init                            : done.
[LOG] Profile::init                            : Profiler listening on port: 9264
[LOG] Manager::readBank                        : fileversion = 100, compatVersion = 99 (oldest = 44, newest = 100)
[LOG] Manager::readBank                        : fileversion = 100, compatVersion = 99 (oldest = 44, newest = 100)
[LOG] PlaybackSystem::acquireMasterBus         : Setting master channel group format to 3
[LOG] SystemI::createSound                     : filename = LudumDare42FmodSession\Build\Desktop/Master Bank.bank : mode 02010082
[LOG] SystemI::createSound                     : FMOD_NONBLOCKING specified.  Putting into queue to be opened asynchronously!
[LOG] Thread::initThread                       : Init FMOD nonblocking thread (0). Priority: 1, Stack Size: 81920, Semaphore: Yes, Sleep Time: 0, Looping: Yes.
[LOG] SystemI::createSound                     : setdata soundi = 000000004C711518 : node = 000000004FE9D140
[LOG] SystemI::createSound                     : add node to async list : head = 000000004C701A88.  list count = 0
[LOG] AsyncThread::threadFunc                  : Starting Asynchronous operation on sound 000000004C711518
[LOG] SystemI::createSoundInternal             :     Create name='LudumDare42FmodSession\Build\Desktop/Master Bank.bank', mode=0x02010082
[LOG] SystemI::createSoundInternal             :     exinfo->cbsize             = 232
[LOG] SystemI::createSoundInternal             :     exinfo->length             = 2064416
[LOG] SystemI::createSoundInternal             :     exinfo->fileoffset         = 27328
[LOG] SystemI::createSoundInternal             :     exinfo->numsubsounds       = 1
[LOG] SystemI::createSoundInternal             :     exinfo->inclusionlist      = 000000004FE9D258
[LOG] SystemI::createSoundInternal             :     exinfo->inclusionlistnum   = 1
[LOG] SystemI::createSoundInternal             :     exinfo->suggestedsoundtype = 5
[LOG] SystemI::createSoundInternal             :     exinfo->initialseekpostype = 1
[LOG] SystemI::createSoundInternal             :     Create name='', mode=0x02000202
[LOG] SystemI::createSoundInternal             :     exinfo->cbsize             = 232
[LOG] SystemI::createSoundInternal             :     exinfo->length             = 2064416
[LOG] SystemI::createSoundInternal             :     exinfo->fileoffset         = 27328
[LOG] SystemI::createSoundInternal             :     exinfo->numsubsounds       = 1
[LOG] SystemI::createSoundInternal             :     exinfo->inclusionlist      = 000000007E02F5FC
[LOG] SystemI::createSoundInternal             :     exinfo->inclusionlistnum   = 1
[LOG] SystemI::createSoundInternal             :     exinfo->suggestedsoundtype = 5
[LOG] SystemI::createSoundInternal             :     exinfo->useropen           = 00007FFC1046E4B0
[LOG] SystemI::createSoundInternal             :     exinfo->userclose          = 00007FFC1046E480
[LOG] SystemI::createSoundInternal             :     exinfo->userread           = 00007FFC1046E580
[LOG] SystemI::createSoundInternal             :     exinfo->userseek           = 00007FFC1046E640
[LOG] SystemI::createSoundInternal             :     exinfo->fileuserdata       = 000000005060A638
[LOG] SystemI::createSoundInternal             :     exinfo->initialseekpostype = 1
[LOG] SystemI::DSPCodecPoolRegister            :     register codec pool for pool type 5
[LOG] SystemI::createSoundInternal             :     Stream 0/1: name='MusicLoop_01', format=2, channels=2, frequency=48000, lengthbytes=184384, lengthpcm=768000, pcmblocksize=0, loopstart=0, loopend=0, mode=0x00000000, channelmask=0x00000000, channelorder=0, peakvolume=0.335876.
[LOG] SystemI::createSoundInternal             :     Sample 0/1: name='ItemDrop_02', format=2, channels=1, frequency=48000, lengthbytes=3840, lengthpcm=32878, pcmblocksize=0, loopstart=0, loopend=0, mode=0x00000000, channelmask=0x00000000, channelorder=0, peakvolume=0.329681.
[LOG] SystemI::createSoundInternal             :     Create name='', mode=0x02000202
[LOG] SystemI::createSoundInternal             :     exinfo->cbsize             = 232
[LOG] SystemI::createSoundInternal             :     exinfo->length             = 2064416
[LOG] SystemI::createSoundInternal             :     exinfo->fileoffset         = 27328
[LOG] SystemI::createSoundInternal             :     exinfo->numsubsounds       = 1
[LOG] SystemI::createSoundInternal             :     exinfo->inclusionlist      = 000000007E02F5FC
[LOG] SystemI::createSoundInternal             :     exinfo->inclusionlistnum   = 1
[LOG] SystemI::createSoundInternal             :     exinfo->suggestedsoundtype = 5
[LOG] SystemI::createSoundInternal             :     exinfo->useropen           = 00007FFC1046E4B0
[LOG] SystemI::createSoundInternal             :     exinfo->userclose          = 00007FFC1046E480
[LOG] SystemI::createSoundInternal             :     exinfo->userread           = 00007FFC1046E580
[LOG] SystemI::createSoundInternal             :     exinfo->userseek           = 00007FFC1046E640
[LOG] SystemI::createSoundInternal             :     exinfo->fileuserdata       = 000000005060A638
[LOG] SystemI::createSoundInternal             :     exinfo->initialseekpostype = 1
[LOG] SystemI::DSPCodecPoolRegister            :     register codec pool for pool type 5
[LOG] SystemI::createSoundInternal             :     Sample 0/1: name='GettingHitSound_02', format=2, channels=1, frequency=48000, lengthbytes=37760, lengthpcm=192000, pcmblocksize=0, loopstart=0, loopend=0, mode=0x00000000, channelmask=0x00000000, channelorder=0, peakvolume=0.245209.
[LOG] SystemI::createSoundInternal             :     Create name='', mode=0x02000202
[LOG] SystemI::createSoundInternal             :     exinfo->cbsize             = 232
[LOG] SystemI::createSoundInternal             :     exinfo->length             = 2064416
[LOG] SystemI::createSoundInternal             :     exinfo->fileoffset         = 27328
[LOG] SystemI::createSoundInternal             :     exinfo->numsubsounds       = 1
[LOG] SystemI::createSoundInternal             :     exinfo->inclusionlist      = 000000007E02F5FC
[LOG] SystemI::createSoundInternal             :     exinfo->inclusionlistnum   = 1
[LOG] SystemI::createSoundInternal             :     exinfo->suggestedsoundtype = 5
[LOG] SystemI::createSoundInternal             :     exinfo->useropen           = 00007FFC1046E4B0
[LOG] SystemI::createSoundInternal             :     exinfo->userclose          = 00007FFC1046E480
[LOG] SystemI::createSoundInternal             :     exinfo->userread           = 00007FFC1046E580
[LOG] SystemI::createSoundInternal             :     exinfo->userseek           = 00007FFC1046E640
[LOG] SystemI::createSoundInternal             :     exinfo->fileuserdata       = 000000005060A638
[LOG] SystemI::createSoundInternal             :     exinfo->initialseekpostype = 1
[LOG] SystemI::DSPCodecPoolRegister            :     register codec pool for pool type 5
[LOG] SystemI::createSoundInternal             :     Sample 0/1: name='ItemDrop_03', format=2, channels=1, frequency=48000, lengthbytes=2880, lengthpcm=29105, pcmblocksize=0, loopstart=0, loopend=0, mode=0x00000000, channelmask=0x00000000, channelorder=0, peakvolume=0.341705.
[LOG] SystemI::createSoundInternal             :     Create name='', mode=0x02000202
[LOG] SystemI::createSoundInternal             :     exinfo->cbsize             = 232
[LOG] SystemI::createSoundInternal             :     exinfo->length             = 2064416
[LOG] SystemI::createSoundInternal             :     exinfo->fileoffset         = 27328
[LOG] SystemI::createSoundInternal             :     exinfo->numsubsounds       = 1
[LOG] SystemI::createSoundInternal             :     exinfo->inclusionlist      = 000000007E02F5FC
[LOG] SystemI::createSoundInternal             :     exinfo->inclusionlistnum   = 1
[LOG] SystemI::createSoundInternal             :     exinfo->suggestedsoundtype = 5
[LOG] SystemI::createSoundInternal             :     exinfo->useropen           = 00007FFC1046E4B0
[LOG] SystemI::createSoundInternal             :     exinfo->userclose          = 00007FFC1046E480
[LOG] SystemI::createSoundInternal             :     exinfo->userread           = 00007FFC1046E580
[LOG] SystemI::createSoundInternal             :     exinfo->userseek           = 00007FFC1046E640
[LOG] SystemI::createSoundInternal             :     exinfo->fileuserdata       = 000000005060A638
[LOG] SystemI::createSoundInternal             :     exinfo->initialseekpostype = 1
[LOG] SystemI::DSPCodecPoolRegister            :     register codec pool for pool type 5
[LOG] SystemI::createSoundInternal             :     Sample 0/1: name='ItemDrop_01', format=2, channels=1, frequency=48000, lengthbytes=3648, lengthpcm=28642, pcmblocksize=0, loopstart=0, loopend=0, mode=0x00000000, channelmask=0x00000000, channelorder=0, peakvolume=0.333740.
[LOG] Thread::initThread                       :     Init FMOD file thread. Priority: 1, Stack Size: 16384, Semaphore: No, Sleep Time: 10, Looping: Yes.
[LOG] AsyncThread::threadFunc                  : Finished Asynchronous operation on sound 000000004C711518
[LOG] SoundI::getSubSound                      : sound 000000004C711518.  Subsound index 0 / 1
[LOG] SystemI::createSoundInternal             : Create name='', mode=0x02000202
[LOG] SystemI::createSoundInternal             : exinfo->cbsize             = 232
[LOG] SystemI::createSoundInternal             : exinfo->length             = 2064416
[LOG] SystemI::createSoundInternal             : exinfo->fileoffset         = 27328
[LOG] SystemI::createSoundInternal             : exinfo->numsubsounds       = 1
[LOG] SystemI::createSoundInternal             : exinfo->inclusionlist      = 000000007E02F5FC
[LOG] SystemI::createSoundInternal             : exinfo->inclusionlistnum   = 1
[LOG] SystemI::createSoundInternal             : exinfo->suggestedsoundtype = 5
[LOG] SystemI::createSoundInternal             : exinfo->useropen           = 00007FFC1046E4B0
[LOG] SystemI::createSoundInternal             : exinfo->userclose          = 00007FFC1046E480
[LOG] SystemI::createSoundInternal             : exinfo->userread           = 00007FFC1046E580
[LOG] SystemI::createSoundInternal             : exinfo->userseek           = 00007FFC1046E640
[LOG] SystemI::createSoundInternal             : exinfo->fileuserdata       = 000000004FC73AF8
[LOG] SystemI::createSoundInternal             : exinfo->initialseekpostype = 1
[LOG] SystemI::DSPCodecPoolRegister            : register codec pool for pool type 5
[LOG] SystemI::createSoundInternal             : Sample 0/1: name='JumpSound_2', format=2, channels=1, frequency=48000, lengthbytes=3712, lengthpcm=45521, pcmblocksize=0, loopstart=0, loopend=0, mode=0x00000000, channelmask=0x00000000, channelorder=0, peakvolume=0.284546.
[LOG] SystemI::createSoundInternal             : Create name='', mode=0x02000202
[LOG] SystemI::createSoundInternal             : exinfo->cbsize             = 232
[LOG] SystemI::createSoundInternal             : exinfo->length             = 2064416
[LOG] SystemI::createSoundInternal             : exinfo->fileoffset         = 27328
[LOG] SystemI::createSoundInternal             : exinfo->numsubsounds       = 1
[LOG] SystemI::createSoundInternal             : exinfo->inclusionlist      = 000000007E02F5FC
[LOG] SystemI::createSoundInternal             : exinfo->inclusionlistnum   = 1
[LOG] SystemI::createSoundInternal             : exinfo->suggestedsoundtype = 5
[LOG] SystemI::createSoundInternal             : exinfo->useropen           = 00007FFC1046E4B0
[LOG] SystemI::createSoundInternal             : exinfo->userclose          = 00007FFC1046E480
[LOG] SystemI::createSoundInternal             : exinfo->userread           = 00007FFC1046E580
[LOG] SystemI::createSoundInternal             : exinfo->userseek           = 00007FFC1046E640
[LOG] SystemI::createSoundInternal             : exinfo->fileuserdata       = 0000000050606458
[LOG] SystemI::createSoundInternal             : exinfo->initialseekpostype = 1
[LOG] SystemI::DSPCodecPoolRegister            : register codec pool for pool type 5
[LOG] SystemI::createSoundInternal             : Sample 0/1: name='PickUp', format=2, channels=1, frequency=48000, lengthbytes=1536, lengthpcm=23500, pcmblocksize=0, loopstart=0, loopend=0, mode=0x00000000, channelmask=0x00000000, channelorder=0, peakvolume=0.373718.
[LOG] SystemI::createSoundInternal             : Create name='', mode=0x02000202
[LOG] SystemI::createSoundInternal             : exinfo->cbsize             = 232
[LOG] SystemI::createSoundInternal             : exinfo->length             = 2064416
[LOG] SystemI::createSoundInternal             : exinfo->fileoffset         = 27328
[LOG] SystemI::createSoundInternal             : exinfo->numsubsounds       = 1
[LOG] SystemI::createSoundInternal             : exinfo->inclusionlist      = 000000007E02F5FC
[LOG] SystemI::createSoundInternal             : exinfo->inclusionlistnum   = 1
[LOG] SystemI::createSoundInternal             : exinfo->suggestedsoundtype = 5
[LOG] SystemI::createSoundInternal             : exinfo->useropen           = 00007FFC1046E4B0
[LOG] SystemI::createSoundInternal             : exinfo->userclose          = 00007FFC1046E480
[LOG] SystemI::createSoundInternal             : exinfo->userread           = 00007FFC1046E580
[LOG] SystemI::createSoundInternal             : exinfo->userseek           = 00007FFC1046E640
[LOG] SystemI::createSoundInternal             : exinfo->fileuserdata       = 0000000050608878
[LOG] SystemI::createSoundInternal             : exinfo->initialseekpostype = 1
[LOG] SystemI::DSPCodecPoolRegister            : register codec pool for pool type 5
[LOG] SystemI::createSoundInternal             : Sample 0/1: name='Throw', format=2, channels=1, frequency=48000, lengthbytes=1568, lengthpcm=26889, pcmblocksize=0, loopstart=0, loopend=0, mode=0x00000000, channelmask=0x00000000, channelorder=0, peakvolume=0.357758.
[LOG] SystemI::createSound                     : filename = LudumDare42FmodSession\Build\Desktop/Master Bank.bank : mode 02010082
[LOG] SystemI::createSound                     : FMOD_NONBLOCKING specified.  Putting into queue to be opened asynchronously!
[LOG] SystemI::createSound                     : setdata soundi = 000000004C711A28 : node = 000000004FE9CEA0
[LOG] SystemI::createSound                     : add node to async list : head = 000000004C701A88.  list count = 0
[LOG] AsyncThread::threadFunc                  : Starting Asynchronous operation on sound 000000004C711A28
[LOG] SystemI::createSoundInternal             :     Create name='LudumDare42FmodSession\Build\Desktop/Master Bank.bank', mode=0x02010082
[LOG] SystemI::createSoundInternal             :     exinfo->cbsize             = 232
[LOG] SystemI::createSoundInternal             :     exinfo->length             = 2064416
[LOG] SystemI::createSoundInternal             :     exinfo->fileoffset         = 27328
[LOG] SystemI::createSoundInternal             :     exinfo->numsubsounds       = 1
[LOG] SystemI::createSoundInternal             :     exinfo->inclusionlist      = 000000004FE9CFB8
[LOG] SystemI::createSoundInternal             :     exinfo->inclusionlistnum   = 1
[LOG] SystemI::createSoundInternal             :     exinfo->suggestedsoundtype = 5
[LOG] SystemI::createSoundInternal             :     exinfo->initialseekpostype = 1
[LOG] SystemI::createSoundInternal             :     Stream 0/1: name='MusicLoop_02', format=2, channels=2, frequency=48000, lengthbytes=217152, lengthpcm=768000, pcmblocksize=0, loopstart=0, loopend=0, mode=0x00000000, channelmask=0x00000000, channelorder=0, peakvolume=0.612366.
[LOG] AsyncThread::threadFunc                  : Finished Asynchronous operation on sound 000000004C711A28
[LOG] SoundI::getSubSound                      : sound 000000004C711A28.  Subsound index 0 / 1
[LOG] SoundI::release                          : MusicLoop_01 (000000004C711518)
[LOG] SoundI::release                          :     MusicLoop_01 (000000004FC04CE8)
[LOG] SoundI::release                          :     MusicLoop_01 (0000000050025768)
[LOG] SystemI::createSoundInternal             : Create name='', mode=0x02000202
[LOG] SystemI::createSoundInternal             : exinfo->cbsize             = 232
[LOG] SystemI::createSoundInternal             : exinfo->length             = 2064416
[LOG] SystemI::createSoundInternal             : exinfo->fileoffset         = 27328
[LOG] SystemI::createSoundInternal             : exinfo->numsubsounds       = 1
[LOG] SystemI::createSoundInternal             : exinfo->inclusionlist      = 000000007E02F5FC
[LOG] SystemI::createSoundInternal             : exinfo->inclusionlistnum   = 1
[LOG] SystemI::createSoundInternal             : exinfo->suggestedsoundtype = 5
[LOG] SystemI::createSoundInternal             : exinfo->useropen           = 00007FFC1046E4B0
[LOG] SystemI::createSoundInternal             : exinfo->userclose          = 00007FFC1046E480
[LOG] SystemI::createSoundInternal             : exinfo->userread           = 00007FFC1046E580
[LOG] SystemI::createSoundInternal             : exinfo->userseek           = 00007FFC1046E640
[LOG] SystemI::createSoundInternal             : exinfo->fileuserdata       = 000000004FC749D8
[LOG] SystemI::createSoundInternal             : exinfo->initialseekpostype = 1
[LOG] SystemI::DSPCodecPoolRegister            : register codec pool for pool type 5
[LOG] SystemI::createSoundInternal             : Sample 0/1: name='RotateObject', format=2, channels=1, frequency=48000, lengthbytes=1472, lengthpcm=7477, pcmblocksize=0, loopstart=0, loopend=0, mode=0x00000000, channelmask=0x00000000, channelorder=0, peakvolume=0.290649.
[LOG] SystemI::createSoundInternal             : Create name='', mode=0x02000202
[LOG] SystemI::createSoundInternal             : exinfo->cbsize             = 232
[LOG] SystemI::createSoundInternal             : exinfo->length             = 2064416
[LOG] SystemI::createSoundInternal             : exinfo->fileoffset         = 27328
[LOG] SystemI::createSoundInternal             : exinfo->numsubsounds       = 1
[LOG] SystemI::createSoundInternal             : exinfo->inclusionlist      = 000000007E02F5FC
[LOG] SystemI::createSoundInternal             : exinfo->inclusionlistnum   = 1
[LOG] SystemI::createSoundInternal             : exinfo->suggestedsoundtype = 5
[LOG] SystemI::createSoundInternal             : exinfo->useropen           = 00007FFC1046E4B0
[LOG] SystemI::createSoundInternal             : exinfo->userclose          = 00007FFC1046E480
[LOG] SystemI::createSoundInternal             : exinfo->userread           = 00007FFC1046E580
[LOG] SystemI::createSoundInternal             : exinfo->userseek           = 00007FFC1046E640
[LOG] SystemI::createSoundInternal             : exinfo->fileuserdata       = 000000005060A638
[LOG] SystemI::createSoundInternal             : exinfo->initialseekpostype = 1
[LOG] SystemI::DSPCodecPoolRegister            : register codec pool for pool type 5
[LOG] SystemI::createSoundInternal             : Sample 0/1: name='ObjectDestroy', format=2, channels=1, frequency=48000, lengthbytes=6080, lengthpcm=35869, pcmblocksize=0, loopstart=0, loopend=0, mode=0x00000000, channelmask=0x00000000, channelorder=0, peakvolume=0.472046.
[LOG] SystemI::createSound                     : filename = LudumDare42FmodSession\Build\Desktop/Master Bank.bank : mode 02010082
[LOG] SystemI::createSound                     : FMOD_NONBLOCKING specified.  Putting into queue to be opened asynchronously!
[LOG] SystemI::createSound                     : setdata soundi = 000000004C711878 : node = 000000004FE9CC00
[LOG] SystemI::createSound                     : add node to async list : head = 000000004C701A88.  list count = 0
[LOG] AsyncThread::threadFunc                  : Starting Asynchronous operation on sound 000000004C711878
[LOG] SystemI::createSoundInternal             :     Create name='LudumDare42FmodSession\Build\Desktop/Master Bank.bank', mode=0x02010082
[LOG] SystemI::createSoundInternal             :     exinfo->cbsize             = 232
[LOG] SystemI::createSoundInternal             :     exinfo->length             = 2064416
[LOG] SystemI::createSoundInternal             :     exinfo->fileoffset         = 27328
[LOG] SystemI::createSoundInternal             :     exinfo->numsubsounds       = 1
[LOG] SystemI::createSoundInternal             :     exinfo->inclusionlist      = 000000004FE9CD18
[LOG] SystemI::createSoundInternal             :     exinfo->inclusionlistnum   = 1
[LOG] SystemI::createSoundInternal             :     exinfo->suggestedsoundtype = 5
[LOG] SystemI::createSoundInternal             :     exinfo->initialseekpostype = 1
[LOG] SystemI::createSoundInternal             :     Stream 0/1: name='MusicLoop_03', format=2, channels=2, frequency=48000, lengthbytes=250144, lengthpcm=768000, pcmblocksize=0, loopstart=0, loopend=0, mode=0x00000000, channelmask=0x00000000, channelorder=0, peakvolume=0.928833.
[LOG] AsyncThread::threadFunc                  : Finished Asynchronous operation on sound 000000004C711878
[LOG] SoundI::getSubSound                      : sound 000000004C711878.  Subsound index 0 / 1
[LOG] SoundI::release                          : MusicLoop_02 (000000004C711A28)
[LOG] SoundI::release                          :     MusicLoop_02 (000000004C729988)
[LOG] SoundI::release                          :     MusicLoop_02 (00000000433E91A8)
[LOG] SoundI::release                          : MusicLoop_03 (000000004C711878)
[LOG] SoundI::release                          :     MusicLoop_03 (000000004FC03968)
[LOG] SoundI::release                          :     MusicLoop_03 (0000000050025FD8)
[LOG] SoundI::release                          :  (000000001BD24DC8)
[LOG] SoundI::release                          :     PickUp (00000000427A92C8)
[LOG] SoundI::release                          :  (000000001BA791D8)
[LOG] SoundI::release                          :     RotateObject (0000000050131708)
[LOG] SoundI::release                          :  (000000001BA35EA8)
[LOG] SoundI::release                          :     Throw (000000004C7294A8)
[LOG] SoundI::release                          :  (000000001BA79348)
[LOG] SoundI::release                          :     ObjectDestroy (00000000501318A8)
[LOG] SoundI::release                          :  (000000001BD25388)
[LOG] SoundI::release                          :     JumpSound_2 (00000000427A9128)
[LOG] SoundI::release                          :  (000000001BA362F8)
[LOG] SoundI::release                          :     ItemDrop_03 (0000000050655338)
[LOG] SoundI::release                          :  (000000001BA36188)
[LOG] SoundI::release                          :     ItemDrop_02 (0000000050655678)
[LOG] SoundI::release                          :  (000000001BA35D38)
[LOG] SoundI::release                          :     ItemDrop_01 (00000000506554D8)
[LOG] SoundI::release                          :  (000000001BA36018)
[LOG] SoundI::release                          :     GettingHitSound_02 (0000000050655198)
[LOG] Thread::callback                         : FMOD Studio update thread finished.
[LOG] Thread::callback                         : FMOD Studio bank load thread finished.
[LOG] Profile::disconnectAll                   : Profiler disconnecting all clients
[LOG] Thread::callback                         : FMOD Studio sample load thread finished.
[LOG] LiveUpdate::release                      : 
[LOG] LiveUpdate::reset                        : Reset connection (reason Disconnected)
[LOG] Thread::callback                         : FMOD stream thread finished.
[LOG] Thread::callback                         : FMOD mixer thread finished.
[LOG] Profile::disconnectAll                   : Profiler disconnecting all clients
[LOG] Thread::callback                         : FMOD nonblocking thread (0) finished.
[LOG] Thread::callback                         : FMOD file thread finished.
[LOG] SystemI::close                           : Closed.
